<?xml version="1.0" encoding="UTF-8"?>
<!-- Generated by org.testng.reporters.JUnitXMLReporter -->
<testsuite ignored="0" hostname="DESKTOP-K4ILK4J" failures="0" tests="4" name="Default test" time="21.93" errors="0" timestamp="2024-07-16T22:56:32 IST">
  <testcase classname="TestLayer.OrangeHRMTest" name="setUp" time="16.612"/>
  <testcase classname="TestLayer.OrangeHRMTest" name="LoginPageTest" time="2.393"/>
  <testcase classname="TestLayer.OrangeHRMTest" name="HomepageTitle" time="2.495"/>
  <testcase classname="TestLayer.OrangeHRMTest" name="HomepageUrl" time="0.072"/>
</testsuite> <!-- Default test -->
