<?xml version="1.0" encoding="UTF-8"?>
<testng-results ignored="0" total="2" passed="2" failed="0" skipped="0">
  <reporter-output>
  </reporter-output>
  <suite started-at="2024-07-16T22:34:00 IST" name="Default suite" finished-at="2024-07-16T22:34:32 IST" duration-ms="32738">
    <groups>
    </groups>
    <test started-at="2024-07-16T22:34:00 IST" name="Default test" finished-at="2024-07-16T22:34:32 IST" duration-ms="32738">
      <class name="TestLayer.OrangeHRMTest">
        <test-method signature="setUp()[pri:1, instance:TestLayer.OrangeHRMTest@50a638b5]" started-at="2024-07-16T22:34:00 IST" name="setUp" finished-at="2024-07-16T22:34:27 IST" duration-ms="27779" status="PASS">
          <reporter-output>
          </reporter-output>
        </test-method> <!-- setUp -->
        <test-method signature="LoginPageTest()[pri:2, instance:TestLayer.OrangeHRMTest@50a638b5]" started-at="2024-07-16T22:34:27 IST" name="LoginPageTest" finished-at="2024-07-16T22:34:32 IST" duration-ms="4788" status="PASS">
          <reporter-output>
          </reporter-output>
        </test-method> <!-- LoginPageTest -->
      </class> <!-- TestLayer.OrangeHRMTest -->
    </test> <!-- Default test -->
  </suite> <!-- Default suite -->
</testng-results>
