<?xml version="1.0" encoding="UTF-8"?>
<testng-results ignored="0" total="4" passed="4" failed="0" skipped="0">
  <reporter-output>
  </reporter-output>
  <suite started-at="2024-07-16T22:56:10 IST" name="Default suite" finished-at="2024-07-16T22:56:32 IST" duration-ms="21930">
    <groups>
    </groups>
    <test started-at="2024-07-16T22:56:10 IST" name="Default test" finished-at="2024-07-16T22:56:32 IST" duration-ms="21930">
      <class name="TestLayer.OrangeHRMTest">
        <test-method signature="setUp()[pri:1, instance:TestLayer.OrangeHRMTest@6ca8564a]" started-at="2024-07-16T22:56:10 IST" name="setUp" finished-at="2024-07-16T22:56:27 IST" duration-ms="16612" status="PASS">
          <reporter-output>
          </reporter-output>
        </test-method> <!-- setUp -->
        <test-method signature="LoginPageTest()[pri:2, instance:TestLayer.OrangeHRMTest@6ca8564a]" started-at="2024-07-16T22:56:27 IST" name="LoginPageTest" finished-at="2024-07-16T22:56:29 IST" duration-ms="2393" status="PASS">
          <reporter-output>
          </reporter-output>
        </test-method> <!-- LoginPageTest -->
        <test-method signature="HomepageTitle()[pri:3, instance:TestLayer.OrangeHRMTest@6ca8564a]" started-at="2024-07-16T22:56:29 IST" name="HomepageTitle" finished-at="2024-07-16T22:56:32 IST" duration-ms="2495" status="PASS">
          <reporter-output>
          </reporter-output>
        </test-method> <!-- HomepageTitle -->
        <test-method signature="HomepageUrl()[pri:4, instance:TestLayer.OrangeHRMTest@6ca8564a]" started-at="2024-07-16T22:56:32 IST" name="HomepageUrl" finished-at="2024-07-16T22:56:32 IST" duration-ms="72" status="PASS">
          <reporter-output>
          </reporter-output>
        </test-method> <!-- HomepageUrl -->
      </class> <!-- TestLayer.OrangeHRMTest -->
    </test> <!-- Default test -->
  </suite> <!-- Default suite -->
</testng-results>
